<?xml version="1.0" encoding="UTF-8"?>
<testng-results skipped="0" failed="0" ignored="0" total="1" passed="1">
  <reporter-output>
  </reporter-output>
  <suite name="Default suite" duration-ms="7293" started-at="2019-06-02T20:16:02Z" finished-at="2019-06-02T20:16:09Z">
    <groups>
    </groups>
    <test name="Default test" duration-ms="7293" started-at="2019-06-02T20:16:02Z" finished-at="2019-06-02T20:16:09Z">
      <class name="com.Class12.task1">
        <test-method status="PASS" signature="login()[pri:0, instance:com.Class12.task1@68be2bc2]" name="login" duration-ms="7266" started-at="2019-06-02T20:16:02Z" finished-at="2019-06-02T20:16:09Z">
          <reporter-output>
          </reporter-output>
        </test-method> <!-- login -->
      </class> <!-- com.Class12.task1 -->
    </test> <!-- Default test -->
  </suite> <!-- Default suite -->
</testng-results>
